[2019-02-10 20:42:25] INSERT INTO location (`id_conducteur`, `id_voiture`, `ville`, `id_employee`, `date_debut_location`, `date_fin_location`) VALUES ('1', '3', 'Montréal', '2', '2019-02-02 00:00:00', '2019-02-06 00:00:00') 
[2019-02-10 20:42:25] SELECT * FROM store WHERE `id` = '3'
[2019-02-10 20:42:25] SELECT * FROM employee WHERE `id` = '2'
[2019-02-10 20:42:07] SELECT * FROM store WHERE `id` = '3'
[2019-02-10 20:42:07] SELECT * FROM store WHERE `id` = '2'
[2019-02-10 20:42:07] SELECT * FROM store WHERE `id` = '3'
[2019-02-10 20:42:07] SELECT * FROM store WHERE `id` = '4'
[2019-02-10 20:42:07] SELECT * FROM employee
[2019-02-10 20:42:07] SELECT * FROM voiture
[2019-02-10 20:42:07] SELECT * FROM conducteur
[2019-02-10 20:41:54] SELECT * FROM store WHERE `id` = '3'
[2019-02-10 20:41:54] SELECT * FROM store WHERE `id` = '2'
[2019-02-10 20:41:54] SELECT * FROM store WHERE `id` = '3'
[2019-02-10 20:41:54] SELECT * FROM store WHERE `id` = '4'
[2019-02-10 20:41:54] SELECT * FROM employee
[2019-02-10 20:41:54] SELECT * FROM voiture
[2019-02-10 20:41:54] SELECT * FROM conducteur
[2019-02-10 20:41:11] SELECT * FROM store WHERE `id` = '3'
[2019-02-10 20:41:11] SELECT * FROM store WHERE `id` = '2'
[2019-02-10 20:41:11] SELECT * FROM store WHERE `id` = '3'
[2019-02-10 20:41:11] SELECT * FROM store WHERE `id` = '4'
[2019-02-10 20:41:11] SELECT * FROM employee
[2019-02-10 20:41:11] SELECT * FROM voiture
[2019-02-10 20:41:11] SELECT * FROM conducteur
[2019-02-10 20:41:10] INSERT INTO location (`id_conducteur`, `id_voiture`, `ville`, `id_employee`, `date_debut_location`, `date_fin_location`) VALUES ('', '3', 'PERPIGNAN', '1', '2019-02-02 00:00:00', '2019-02-06 00:00:00') 
[2019-02-10 20:41:10] SELECT * FROM store WHERE `id` = '4'
[2019-02-10 20:41:10] SELECT * FROM employee WHERE `id` = '1'
[2019-02-10 20:40:56] INSERT INTO location (`id_conducteur`, `id_voiture`, `ville`, `id_employee`, `date_debut_location`, `date_fin_location`) VALUES ('', '3', 'PERPIGNAN', '1', '2019-02-02 00:00:00', '2019-02-06 00:00:00') 
[2019-02-10 20:40:56] SELECT * FROM store WHERE `id` = '4'
[2019-02-10 20:40:56] SELECT * FROM employee WHERE `id` = '1'
[2019-02-10 20:40:43] SELECT * FROM store WHERE `id` = '3'
[2019-02-10 20:40:43] SELECT * FROM store WHERE `id` = '2'
[2019-02-10 20:40:43] SELECT * FROM store WHERE `id` = '3'
[2019-02-10 20:40:43] SELECT * FROM store WHERE `id` = '4'
[2019-02-10 20:40:43] SELECT * FROM employee
[2019-02-10 20:40:43] SELECT * FROM voiture
[2019-02-10 20:40:43] SELECT * FROM conducteur
[2019-02-10 20:40:42] INSERT INTO location (`id_conducteur`, `id_voiture`, `ville`, `id_employee`, `date_debut_location`, `date_fin_location`) VALUES ('', '', 'PERPIGNAN', '3', '2019-02-02 00:00:00', '2019-02-06 00:00:00') 
[2019-02-10 20:40:42] SELECT * FROM store WHERE `id` = '2'
[2019-02-10 20:40:42] SELECT * FROM employee WHERE `id` = '3'
[2019-02-10 20:40:28] INSERT INTO location (`id_conducteur`, `id_voiture`, `ville`, `id_employee`, `date_debut_location`, `date_fin_location`) VALUES ('', '', 'PERPIGNAN', '3', '2019-02-02 00:00:00', '2019-02-06 00:00:00') 
[2019-02-10 20:40:28] SELECT * FROM store WHERE `id` = '2'
[2019-02-10 20:40:28] SELECT * FROM employee WHERE `id` = '3'
[2019-02-10 20:40:11] SELECT * FROM store WHERE `id` = '3'
[2019-02-10 20:40:11] SELECT * FROM store WHERE `id` = '2'
[2019-02-10 20:40:11] SELECT * FROM store WHERE `id` = '3'
[2019-02-10 20:40:11] SELECT * FROM store WHERE `id` = '4'
[2019-02-10 20:40:11] SELECT * FROM employee
[2019-02-10 20:40:11] SELECT * FROM voiture
[2019-02-10 20:40:11] SELECT * FROM conducteur
[2019-02-10 20:38:05] INSERT INTO location (`id_conducteur`, `id_voiture`, `ville`, `id_employee`, `date_debut_location`, `date_fin_location`) VALUES ('', '', 'PERPIGNAN', '1', '2018-08-02 00:00:00', '2018-08-06 00:00:00') 
[2019-02-10 20:38:05] SELECT * FROM store WHERE `id` = '4'
[2019-02-10 20:38:05] SELECT * FROM employee WHERE `id` = '1'
[2019-02-10 20:37:25] INSERT INTO location (`id_conducteur`, `id_voiture`, `ville`, `id_employee`, `date_debut_location`, `date_fin_location`) VALUES ('', '', 'PERPIGNAN', '1', '2018-08-02 00:00:00', '2018-08-06 00:00:00') 
[2019-02-10 20:37:25] SELECT * FROM store WHERE `id` = '4'
[2019-02-10 20:37:25] SELECT * FROM employee WHERE `id` = '1'
[2019-02-10 20:36:55] INSERT INTO location (`id_conducteur`, `id_voiture`, `ville`, `id_employee`, `date_debut_location`, `date_fin_location`) VALUES ('', '', 'PERPIGNAN', '1', '2018-08-02 00:00:00', '2018-08-06 00:00:00') 
[2019-02-10 20:36:55] SELECT * FROM store WHERE `id` = '4'
[2019-02-10 20:36:55] SELECT * FROM employee WHERE `id` = '1'
[2019-02-10 20:36:43] SELECT * FROM store WHERE `id` = '4'
[2019-02-10 20:36:43] SELECT * FROM employee WHERE `id` = '1'
[2019-02-10 20:35:04] INSERT INTO location (`id_conducteur`, `id_voiture`, `ville`, `id_employee`, `date_debut_location`, `date_fin_location`) VALUES ('', '', 'PERPIGNAN', '1', '2018-08-02 00:00:00', '2018-08-06 00:00:00') 
[2019-02-10 20:35:04] SELECT * FROM store WHERE `id` = '4'
[2019-02-10 20:35:04] SELECT * FROM employee WHERE `id` = '1'
[2019-02-10 20:34:48] SELECT * FROM store WHERE `id` = '3'
[2019-02-10 20:34:48] SELECT * FROM store WHERE `id` = '2'
[2019-02-10 20:34:48] SELECT * FROM store WHERE `id` = '3'
[2019-02-10 20:34:48] SELECT * FROM store WHERE `id` = '4'
[2019-02-10 20:34:48] SELECT * FROM employee
[2019-02-10 20:34:48] SELECT * FROM voiture
[2019-02-10 20:34:48] SELECT * FROM conducteur
[2019-02-10 20:33:56] INSERT INTO location (`id_conducteur`, `id_voiture`, `ville`, `id_employee`, `date_debut_location`, `date_fin_location`) VALUES ('', '', 'PERPIGNAN', '1', '2017-03-01 00:00:00', '2017-03-06 00:00:00') 
[2019-02-10 20:33:56] SELECT * FROM store WHERE `id` = '4'
[2019-02-10 20:33:56] SELECT * FROM employee WHERE `id` = '1'
[2019-02-10 20:32:48] INSERT INTO location (`id_conducteur`, `id_voiture`, `ville`, `id_employee`, `date_debut_location`, `date_fin_location`) VALUES ('', '', 'PERPIGNAN', '1', '2017-03-01 00:00:00', '2017-03-06 00:00:00') 
[2019-02-10 20:32:48] SELECT * FROM store WHERE `id` = '4'
[2019-02-10 20:32:48] SELECT * FROM employee WHERE `id` = '1'
[2019-02-10 20:30:28] INSERT INTO location (`id_conducteur`, `id_voiture`, `ville`, `id_employee`, `date_debut_location`, `date_fin_location`) VALUES ('', '', 'PERPIGNAN', '1', '2017-03-01 00:00:00', '2017-03-06 00:00:00') 
[2019-02-10 20:30:28] SELECT * FROM store WHERE `id` = '4'
[2019-02-10 20:30:28] SELECT * FROM employee WHERE `id` = '1'
[2019-02-10 20:29:47] SELECT * FROM store WHERE `id` = '4'
[2019-02-10 20:29:47] SELECT * FROM employee WHERE `id` = '1'
[2019-02-10 20:29:34] SELECT * FROM store WHERE `id` = '3'
[2019-02-10 20:29:34] SELECT * FROM store WHERE `id` = '2'
[2019-02-10 20:29:34] SELECT * FROM store WHERE `id` = '3'
[2019-02-10 20:29:34] SELECT * FROM store WHERE `id` = '4'
[2019-02-10 20:29:34] SELECT * FROM employee
[2019-02-10 20:29:34] SELECT * FROM voiture
[2019-02-10 20:29:34] SELECT * FROM conducteur
[2019-02-10 20:06:33] SELECT * FROM store WHERE `id` = '3'
[2019-02-10 20:06:33] SELECT * FROM store WHERE `id` = '2'
[2019-02-10 20:06:33] SELECT * FROM store WHERE `id` = '3'
[2019-02-10 20:06:33] SELECT * FROM store WHERE `id` = '4'
[2019-02-10 20:06:33] SELECT * FROM employee
[2019-02-10 20:06:33] SELECT * FROM voiture
[2019-02-10 20:06:33] SELECT * FROM conducteur
[2019-02-10 20:01:55] SELECT * FROM store WHERE `id` = '3'
[2019-02-10 20:01:55] SELECT * FROM store WHERE `id` = '2'
[2019-02-10 20:01:55] SELECT * FROM store WHERE `id` = '3'
[2019-02-10 20:01:55] SELECT * FROM store WHERE `id` = '4'
[2019-02-10 20:01:55] SELECT * FROM employee
[2019-02-10 20:01:55] SELECT * FROM voiture
[2019-02-10 20:01:55] SELECT * FROM conducteur
[2019-02-10 20:01:17] SELECT * FROM store WHERE `id` = '3'
[2019-02-10 20:01:17] SELECT * FROM store WHERE `id` = '2'
[2019-02-10 20:01:17] SELECT * FROM store WHERE `id` = '3'
[2019-02-10 20:01:17] SELECT * FROM store WHERE `id` = '4'
[2019-02-10 20:01:17] SELECT * FROM employee
[2019-02-10 20:01:17] SELECT * FROM voiture
[2019-02-10 20:01:17] SELECT * FROM conducteur
[2019-02-10 19:59:08] SELECT * FROM store WHERE `id` = '3'
[2019-02-10 19:59:08] SELECT * FROM store WHERE `id` = '2'
[2019-02-10 19:59:08] SELECT * FROM store WHERE `id` = '3'
[2019-02-10 19:59:08] SELECT * FROM store WHERE `id` = '4'
[2019-02-10 19:59:08] SELECT * FROM employee
[2019-02-10 19:59:08] SELECT * FROM voiture
[2019-02-10 19:59:08] SELECT * FROM conducteur
[2019-02-10 19:58:57] SELECT * FROM store WHERE `id` = '3'
[2019-02-10 19:58:57] SELECT * FROM store WHERE `id` = '2'
[2019-02-10 19:58:57] SELECT * FROM store WHERE `id` = '3'
[2019-02-10 19:58:57] SELECT * FROM store WHERE `id` = '4'
[2019-02-10 19:58:57] SELECT * FROM employee
[2019-02-10 19:58:57] SELECT * FROM voiture
[2019-02-10 19:58:57] SELECT * FROM conducteur
[2019-02-10 19:58:47] SELECT * FROM store WHERE `id` = '3'
[2019-02-10 19:58:47] SELECT * FROM store WHERE `id` = '2'
[2019-02-10 19:58:47] SELECT * FROM store WHERE `id` = '3'
[2019-02-10 19:58:47] SELECT * FROM store WHERE `id` = '4'
[2019-02-10 19:58:47] SELECT * FROM employee
[2019-02-10 19:58:47] SELECT * FROM voiture
[2019-02-10 19:58:47] SELECT * FROM conducteur
[2019-02-10 19:58:29] SELECT * FROM store WHERE `id` = '3'
[2019-02-10 19:58:29] SELECT * FROM store WHERE `id` = '2'
[2019-02-10 19:58:29] SELECT * FROM store WHERE `id` = '3'
[2019-02-10 19:58:29] SELECT * FROM store WHERE `id` = '4'
[2019-02-10 19:58:29] SELECT * FROM employee
[2019-02-10 19:58:29] SELECT * FROM voiture
[2019-02-10 19:58:29] SELECT * FROM conducteur
[2019-02-10 19:57:08] SELECT * FROM store WHERE `id` = '3'
[2019-02-10 19:57:08] SELECT * FROM store WHERE `id` = '2'
[2019-02-10 19:57:08] SELECT * FROM store WHERE `id` = '3'
[2019-02-10 19:57:08] SELECT * FROM store WHERE `id` = '4'
[2019-02-10 19:57:08] SELECT * FROM employee
[2019-02-10 19:57:08] SELECT * FROM voiture
[2019-02-10 19:57:08] SELECT * FROM conducteur
[2019-02-10 19:56:45] INSERT INTO conducteur (`nom`, `prenom`, `age`, `codepostal`, `ville`, `pays`) VALUES ('Delamaison', 'Eric', '42', '69005', 'Lyon', 'France') 
[2019-02-10 19:56:17] INSERT INTO conducteur (`nom`, `prenom`, `age`, `codepostal`, `ville`, `pays`) VALUES ('Delamaison', 'Eric', '42', '69005', 'Lyon', 'France') 
[2019-02-10 19:55:41] SELECT * FROM store
[2019-02-10 19:55:14] SELECT * FROM store WHERE `id` = '3'
[2019-02-10 19:55:14] SELECT * FROM store WHERE `id` = '2'
[2019-02-10 19:55:14] SELECT * FROM store WHERE `id` = '3'
[2019-02-10 19:55:14] SELECT * FROM store WHERE `id` = '4'
[2019-02-10 19:55:14] SELECT * FROM employee
[2019-02-10 19:55:14] SELECT * FROM voiture
[2019-02-10 19:55:14] SELECT * FROM conducteur
[2019-02-10 19:51:07] SELECT * FROM employee
[2019-02-10 19:51:07] SELECT * FROM voiture
[2019-02-10 19:51:07] SELECT * FROM conducteur
[2019-02-10 19:50:48] SELECT * FROM employee
[2019-02-10 19:50:48] SELECT * FROM voiture
[2019-02-10 19:50:48] SELECT * FROM conducteur
[2019-02-10 19:50:47] SELECT * FROM employee
[2019-02-10 19:50:47] SELECT * FROM voiture
[2019-02-10 19:50:47] SELECT * FROM conducteur
[2019-02-10 19:50:28] SELECT * FROM employee
[2019-02-10 19:50:27] SELECT * FROM voiture
[2019-02-10 19:50:27] SELECT * FROM conducteur
[2019-02-10 19:47:26] SELECT * FROM voiture
[2019-02-10 19:47:26] SELECT * FROM conducteur
[2019-02-10 19:46:59] SELECT * FROM voiture
[2019-02-10 19:46:59] SELECT * FROM conducteur
[2019-02-10 18:51:15] SELECT * FROM voiture
[2019-02-10 18:51:15] SELECT * FROM conducteur
[2019-02-10 18:26:59] INSERT INTO employee (`nom`, `prenom`, `emploi`, `id_store`) VALUES ('Leclaire', 'Jocelyne', 'manager', '3') 
[2019-02-10 18:26:59] SELECT * FROM store WHERE `id` = '3'
[2019-02-10 18:26:49] INSERT INTO employee (`nom`, `prenom`, `emploi`, `id_store`) VALUES ('Leclaire', 'Jocelyne', 'manager', '3') 
[2019-02-10 18:26:49] SELECT * FROM store WHERE `id` = '3'
[2019-02-10 18:26:36] SELECT * FROM store
[2019-02-10 18:23:45] INSERT INTO employee (`nom`, `prenom`, `emploi`, `id_store`) VALUES ('CHAPEAU', 'Caroline', 'responsable', '2') 
[2019-02-10 18:23:45] SELECT * FROM store WHERE `id` = '2'
[2019-02-10 18:23:31] SELECT * FROM store WHERE `id` = '2'
[2019-02-10 18:23:21] SELECT * FROM store
[2019-02-10 18:23:02] SELECT * FROM employee WHERE `id_store` = '3'
[2019-02-10 18:23:02] SELECT * FROM employee WHERE `id_store` = '2'
[2019-02-10 18:23:02] SELECT * FROM employee WHERE `id_store` = '1'
[2019-02-10 18:23:02] SELECT * FROM store
[2019-02-10 18:22:55] SELECT * FROM employee WHERE `id_store` = '3'
[2019-02-10 18:22:55] SELECT * FROM employee WHERE `id_store` = '2'
[2019-02-10 18:22:55] SELECT * FROM employee WHERE `id_store` = '1'
[2019-02-10 18:22:55] SELECT * FROM store
[2019-02-10 18:22:33] SELECT * FROM employee WHERE `id_store` = '3'
[2019-02-10 18:22:33] SELECT * FROM employee WHERE `id_store` = '2'
[2019-02-10 18:22:33] SELECT * FROM employee WHERE `id_store` = '1'
[2019-02-10 18:22:33] SELECT * FROM store
[2019-02-10 18:22:23] SELECT * FROM employee WHERE `id_store` = '3'
[2019-02-10 18:22:23] SELECT * FROM store
[2019-02-10 18:22:12] SELECT * FROM store
[2019-02-10 18:21:43] SELECT * FROM store
[2019-02-10 18:21:33] SELECT * FROM employee WHERE `id_store` = '3'
[2019-02-10 18:21:33] SELECT * FROM store
[2019-02-10 18:19:07] SELECT * FROM employee WHERE `id_store` = '3'
[2019-02-10 18:19:07] SELECT * FROM store
[2019-02-10 18:19:03] SELECT * FROM employee WHERE `id_store` = '3'
[2019-02-10 18:19:03] SELECT * FROM store
[2019-02-10 18:18:57] SELECT * FROM employee WHERE `id_store` = '4'
[2019-02-10 18:18:57] SELECT * FROM store
[2019-02-10 18:18:18] SELECT * FROM employee WHERE `id_store` = '4'
[2019-02-10 18:18:18] SELECT * FROM store
[2019-02-10 18:18:15] SELECT * FROM employee WHERE `id_store` = '4'
[2019-02-10 18:18:15] SELECT * FROM store
[2019-02-10 18:17:38] SELECT * FROM employee WHERE `id_store` = '5'
[2019-02-10 18:17:38] SELECT * FROM store
[2019-02-10 18:17:23] SELECT * FROM store
[2019-02-10 18:17:19] SELECT * FROM employee WHERE `id_store` = '5'
[2019-02-10 18:17:19] SELECT * FROM store
[2019-02-10 18:17:11] SELECT * FROM employee WHERE `id_store` = '3'
[2019-02-10 18:17:11] SELECT * FROM store
[2019-02-10 18:17:11] SELECT * FROM employee WHERE `id_store` = '3'
[2019-02-10 18:17:11] SELECT * FROM store
[2019-02-10 18:17:11] SELECT * FROM employee WHERE `id_store` = '3'
[2019-02-10 18:17:11] SELECT * FROM store
[2019-02-10 18:17:11] SELECT * FROM employee WHERE `id_store` = '3'
[2019-02-10 18:17:11] SELECT * FROM store
[2019-02-10 18:17:10] SELECT * FROM employee WHERE `id_store` = '3'
[2019-02-10 18:17:10] SELECT * FROM store
[2019-02-10 18:17:05] SELECT * FROM employee WHERE `id_store` = '3'
[2019-02-10 18:17:05] SELECT * FROM store
[2019-02-10 18:17:03] SELECT * FROM employee WHERE `id_store` = '3'
[2019-02-10 18:17:03] SELECT * FROM store
[2019-02-10 18:16:49] SELECT * FROM employee WHERE `id_store` = '1'
[2019-02-10 18:16:49] SELECT * FROM store
[2019-02-10 18:16:49] SELECT * FROM employee WHERE `id_store` = '1'
[2019-02-10 18:16:49] SELECT * FROM store
[2019-02-10 18:16:38] SELECT * FROM store
[2019-02-10 18:16:02] SELECT * FROM store
[2019-02-10 18:15:56] SELECT * FROM store
[2019-02-10 18:15:54] SELECT * FROM store
[2019-02-10 18:15:48] SELECT * FROM store
[2019-02-10 18:15:08] SELECT * FROM store
[2019-02-10 18:14:54] SELECT * FROM employee WHERE `id_store` = '4'
[2019-02-10 18:14:54] SELECT * FROM employee WHERE `id_store` = '3'
[2019-02-10 18:14:54] SELECT * FROM employee WHERE `id_store` = '2'
[2019-02-10 18:14:54] SELECT * FROM employee WHERE `id_store` = '1'
[2019-02-10 18:14:54] SELECT * FROM store
[2019-02-10 18:14:05] SELECT * FROM employee WHERE `id_store` = '4'
[2019-02-10 18:14:05] SELECT * FROM employee WHERE `id_store` = '3'
[2019-02-10 18:14:05] SELECT * FROM employee WHERE `id_store` = '2'
[2019-02-10 18:14:05] SELECT * FROM employee WHERE `id_store` = '1'
[2019-02-10 18:14:05] SELECT * FROM store
[2019-02-10 18:13:28] SELECT * FROM employee WHERE `id_store` = '4'
[2019-02-10 18:13:28] SELECT * FROM employee WHERE `id_store` = '3'
[2019-02-10 18:13:28] SELECT * FROM employee WHERE `id_store` = '2'
[2019-02-10 18:13:28] SELECT * FROM employee WHERE `id_store` = '1'
[2019-02-10 18:13:28] SELECT * FROM store
[2019-02-10 18:11:35] SELECT * FROM employee WHERE `id_store` = '4'
[2019-02-10 18:11:35] SELECT * FROM employee WHERE `id_store` = '3'
[2019-02-10 18:11:35] SELECT * FROM employee WHERE `id_store` = '2'
[2019-02-10 18:11:35] SELECT * FROM employee WHERE `id_store` = '1'
[2019-02-10 18:11:35] SELECT * FROM store
[2019-02-10 18:11:21] SELECT * FROM employee WHERE `id_store` = '4'
[2019-02-10 18:11:21] SELECT * FROM employee WHERE `id_store` = '3'
[2019-02-10 18:11:21] SELECT * FROM employee WHERE `id_store` = '2'
[2019-02-10 18:11:21] SELECT * FROM employee WHERE `id_store` = '1'
[2019-02-10 18:11:21] SELECT * FROM store
[2019-02-10 18:09:59] SELECT * FROM store WHERE `id` = '3'
[2019-02-10 18:08:28] SELECT * FROM store WHERE `id` = '3'
[2019-02-10 18:07:51] SELECT * FROM store WHERE `id` = '3'
[2019-02-10 18:06:21] SELECT * FROM store WHERE `id` = '3'
[2019-02-10 18:06:13] SELECT * FROM employee WHERE `id_store` = '5'
[2019-02-10 18:06:13] SELECT * FROM employee WHERE `id_store` = '4'
[2019-02-10 18:06:13] SELECT * FROM employee WHERE `id_store` = '3'
[2019-02-10 18:06:13] SELECT * FROM employee WHERE `id_store` = '2'
[2019-02-10 18:06:13] SELECT * FROM employee WHERE `id_store` = '1'
[2019-02-10 18:06:13] SELECT * FROM store
[2019-02-10 18:06:06] SELECT * FROM store
[2019-02-10 18:05:53] SELECT * FROM store
[2019-02-10 18:05:29] SELECT * FROM store
[2019-02-10 18:05:27] SELECT * FROM store
[2019-02-10 18:05:25] SELECT * FROM store
[2019-02-10 18:04:36] SELECT * FROM store
[2019-02-10 18:04:25] SELECT * FROM store
[2019-02-10 18:04:09] SELECT * FROM store WHERE `id` = '3'
[2019-02-10 17:56:29] SELECT * FROM employee WHERE `id_store` = '5'
[2019-02-10 17:56:29] SELECT * FROM employee WHERE `id_store` = '4'
[2019-02-10 17:56:29] SELECT * FROM employee WHERE `id_store` = '3'
[2019-02-10 17:56:29] SELECT * FROM employee WHERE `id_store` = '2'
[2019-02-10 17:56:29] SELECT * FROM employee WHERE `id_store` = '1'
[2019-02-10 17:56:29] SELECT * FROM store
[2019-02-10 17:55:34] SELECT * FROM store
[2019-02-10 17:35:47] SELECT * FROM store
[2019-02-10 17:35:46] SELECT * FROM store
[2019-02-10 17:33:53] SELECT * FROM store
[2019-02-10 17:33:00] SELECT * FROM store
[2019-02-10 17:31:47] SELECT * FROM employee WHERE `id_store` = '5'
[2019-02-10 17:31:47] SELECT * FROM employee WHERE `id_store` = '4'
[2019-02-10 17:31:47] SELECT * FROM employee WHERE `id_store` = '3'
[2019-02-10 17:31:47] SELECT * FROM employee WHERE `id_store` = '2'
[2019-02-10 17:31:47] SELECT * FROM employee WHERE `id_store` = '1'
[2019-02-10 17:31:47] SELECT * FROM store
[2019-02-10 17:31:20] SELECT * FROM employee WHERE `id_store` = '5'
[2019-02-10 17:31:20] SELECT * FROM employee WHERE `id_store` = '4'
[2019-02-10 17:31:20] SELECT * FROM employee WHERE `id_store` = '3'
[2019-02-10 17:31:20] SELECT * FROM employee WHERE `id_store` = '2'
[2019-02-10 17:31:19] SELECT * FROM employee WHERE `id_store` = '1'
[2019-02-10 17:31:19] SELECT * FROM store
[2019-02-10 17:31:18] SELECT * FROM employee WHERE `id_store` = '5'
[2019-02-10 17:31:18] SELECT * FROM employee WHERE `id_store` = '4'
[2019-02-10 17:31:18] SELECT * FROM employee WHERE `id_store` = '3'
[2019-02-10 17:31:18] SELECT * FROM employee WHERE `id_store` = '2'
[2019-02-10 17:31:18] SELECT * FROM employee WHERE `id_store` = '1'
[2019-02-10 17:31:18] SELECT * FROM store
[2019-02-10 17:31:17] SELECT * FROM employee WHERE `id_store` = '5'
[2019-02-10 17:31:17] SELECT * FROM employee WHERE `id_store` = '4'
[2019-02-10 17:31:17] SELECT * FROM employee WHERE `id_store` = '3'
[2019-02-10 17:31:17] SELECT * FROM employee WHERE `id_store` = '2'
[2019-02-10 17:31:17] SELECT * FROM employee WHERE `id_store` = '1'
[2019-02-10 17:31:17] SELECT * FROM store
[2019-02-10 17:29:52] SELECT * FROM store
[2019-02-10 17:26:27] SELECT * FROM store
[2019-02-10 17:00:18] SELECT * FROM store
[2019-02-10 17:00:16] SELECT * FROM voiture
[2019-02-10 17:00:16] SELECT * FROM conducteur
[2019-02-10 16:58:15] SELECT * FROM voiture
[2019-02-10 16:58:15] SELECT * FROM conducteur
[2019-02-10 16:56:24] SELECT * FROM store
[2019-02-10 16:54:04] SELECT * FROM store
[2019-02-10 16:52:04] SELECT * FROM store
[2019-02-10 16:33:32] SELECT * FROM store
[2019-02-10 16:33:01] SELECT * FROM store
[2019-02-10 16:31:02] SELECT * FROM store
[2019-02-10 16:30:12] SELECT * FROM store
[2019-02-10 16:29:27] SELECT * FROM store
[2019-02-10 16:11:41] SELECT * FROM voiture
[2019-02-10 16:11:41] SELECT * FROM conducteur
[2019-02-10 15:48:06] SELECT * FROM voiture
[2019-02-10 15:48:06] SELECT * FROM conducteur
[2019-02-10 15:48:03] SELECT * FROM voiture
[2019-02-10 15:48:03] SELECT * FROM conducteur
[2019-02-10 15:47:04] SELECT * FROM voiture
[2019-02-10 15:47:04] SELECT * FROM conducteur
[2019-02-10 15:46:38] SELECT * FROM voiture
[2019-02-10 15:46:38] SELECT * FROM conducteur
[2019-02-10 15:42:38] SELECT * FROM voiture
[2019-02-10 15:42:38] SELECT * FROM conducteur
[2019-02-10 15:40:59] SELECT * FROM voiture
[2019-02-10 15:40:59] SELECT * FROM conducteur
[2019-02-10 15:39:24] SELECT * FROM voiture
[2019-02-10 15:39:24] SELECT * FROM conducteur
[2019-02-10 15:38:04] SELECT * FROM voiture
[2019-02-10 15:38:04] SELECT * FROM conducteur
[2019-02-10 15:26:45] SELECT * FROM voiture
[2019-02-10 15:25:26] SELECT * FROM voiture
[2019-02-10 15:25:25] SELECT * FROM voiture
[2019-02-10 15:25:25] SELECT * FROM voiture
[2019-02-10 15:25:25] SELECT * FROM voiture
[2019-02-10 15:25:17] SELECT * FROM voiture
[2019-02-10 15:25:17] SELECT * FROM voiture
[2019-02-10 15:25:17] SELECT * FROM voiture
[2019-02-10 15:25:17] SELECT * FROM voiture
[2019-02-10 15:25:16] SELECT * FROM voiture
[2019-02-10 15:24:22] SELECT * FROM voiture
[2019-02-10 15:24:22] SELECT * FROM conducteur
[2019-02-10 15:24:04] SELECT * FROM voiture
[2019-02-10 15:24:04] SELECT * FROM conducteur
[2019-02-10 15:24:01] SELECT * FROM voiture
[2019-02-10 15:24:01] SELECT * FROM conducteur
[2019-02-10 15:23:46] SELECT * FROM voiture
[2019-02-10 15:23:46] SELECT * FROM conducteur
[2019-02-10 15:23:27] SELECT * FROM voiture
[2019-02-10 15:23:27] SELECT * FROM conducteur
[2019-02-10 15:23:13] SELECT * FROM voiture
[2019-02-10 15:23:13] SELECT * FROM conducteur
[2019-02-10 15:23:00] SELECT * FROM voiture
[2019-02-10 15:23:00] SELECT * FROM conducteur
[2019-02-10 15:22:45] SELECT * FROM voiture
[2019-02-10 15:22:45] SELECT * FROM conducteur
[2019-02-10 15:19:38] SELECT * FROM voiture
[2019-02-10 15:19:38] SELECT * FROM conducteur
[2019-02-10 15:18:46] SELECT * FROM voiture
[2019-02-10 15:18:46] SELECT * FROM conducteur
[2019-02-10 15:12:15] SELECT * FROM voiture
[2019-02-10 15:12:15] SELECT * FROM conducteur
[2019-02-10 15:05:30] SELECT * FROM voiture
[2019-02-10 15:05:30] SELECT * FROM conducteur
[2019-02-10 14:57:54] SELECT * FROM voiture
[2019-02-10 14:57:54] SELECT * FROM conducteur
[2019-02-10 14:56:36] SELECT * FROM voiture
[2019-02-10 14:56:36] SELECT * FROM conducteur
[2019-02-10 14:52:36] SELECT * FROM voiture
[2019-02-10 14:52:36] SELECT * FROM conducteur
[2019-02-10 14:52:32] SELECT * FROM voiture
[2019-02-10 14:52:32] SELECT * FROM conducteur
[2019-02-10 14:51:33] SELECT * FROM voiture
[2019-02-10 14:51:33] SELECT * FROM conducteur
[2019-02-10 14:50:19] SELECT * FROM voiture
[2019-02-10 14:50:19] SELECT * FROM conducteur
[2019-02-10 14:48:09] SELECT * FROM voiture
[2019-02-10 14:48:09] SELECT * FROM conducteur
[2019-02-10 14:48:03] SELECT * FROM voiture
[2019-02-10 14:48:03] SELECT * FROM conducteur
[2019-02-10 14:40:23] SELECT * FROM voiture
[2019-02-10 14:40:23] SELECT * FROM conducteur
[2019-02-10 14:39:05] SELECT * FROM voiture
[2019-02-10 14:39:05] SELECT * FROM conducteur
[2019-02-10 14:38:49] SELECT * FROM voiture
[2019-02-10 14:38:49] SELECT * FROM conducteur
[2019-02-10 14:36:20] SELECT * FROM voiture
[2019-02-10 14:36:20] SELECT * FROM conducteur
[2019-02-10 14:35:57] SELECT * FROM voiture
[2019-02-10 14:35:57] SELECT * FROM conducteur
[2019-02-10 14:35:52] SELECT * FROM voiture
[2019-02-10 14:35:52] SELECT * FROM conducteur
[2019-02-10 14:35:51] SELECT * FROM location
[2019-02-10 14:35:01] SELECT * FROM voiture
[2019-02-10 14:35:01] SELECT * FROM conducteur
[2019-02-10 14:35:00] SELECT * FROM location
[2019-02-10 14:34:49] SELECT * FROM location
[2019-02-10 14:34:47] SELECT * FROM voiture
[2019-02-10 14:34:47] SELECT * FROM conducteur
[2019-02-10 14:34:42] SELECT * FROM location
[2019-02-10 14:33:43] SELECT * FROM voiture
[2019-02-10 14:33:43] SELECT * FROM conducteur
[2019-02-10 14:33:43] SELECT * FROM voiture
[2019-02-10 14:33:43] SELECT * FROM conducteur
[2019-02-10 14:33:43] SELECT * FROM voiture
[2019-02-10 14:33:43] SELECT * FROM conducteur
[2019-02-10 14:33:42] SELECT * FROM voiture
[2019-02-10 14:33:42] SELECT * FROM conducteur
[2019-02-10 14:33:40] SELECT * FROM voiture
[2019-02-10 14:33:40] SELECT * FROM conducteur
[2019-02-10 14:33:23] SELECT * FROM voiture
[2019-02-10 14:33:23] SELECT * FROM conducteur
[2019-02-10 14:32:57] SELECT * FROM voiture
[2019-02-10 14:32:57] SELECT * FROM conducteur
[2019-02-10 14:32:40] SELECT * FROM voiture
[2019-02-10 14:32:40] SELECT * FROM conducteur
[2019-02-10 14:32:14] SELECT * FROM voiture
[2019-02-10 14:32:14] SELECT * FROM conducteur
[2019-02-10 13:48:00] INSERT INTO employee (`nom`, `prenom`, `emploi`) VALUES ('Couillard', 'Jean-François', 'responsable') 
[2019-02-10 13:34:40] INSERT INTO voiture (`marque`, `modele`, `annee_mise_location`, `plaque_immat`, `couleur`) VALUES ('Volvo', 'D40', '2016-05-16', 'EK215FW', 'Bleu ciel') 
[2019-02-10 13:33:54] SELECT * FROM voiture
[2019-02-10 13:33:54] INSERT INTO voiture (`marque`, `modele`, `annee_mise_location`, `plaque_immat`, `couleur`) VALUES ('Mini', 'Countryman', '2015-12-22', 'EF741XS', 'Noire') 
[2019-02-10 13:33:22] SELECT * FROM voiture
[2019-02-10 13:33:05] INSERT INTO voiture (`marque`, `modele`, `annee_mise_location`, `plaque_immat`, `couleur`) VALUES ('Citroen', 'DS4', '2015-04-05', 'AV698EK', 'Orange') 
[2019-02-10 13:31:20] INSERT INTO voiture (`marque`, `modele`, `annee_mise_location`, `plaque_immat`, `couleur`) VALUES ('Fiat', 'Tipo', '2017-01-01', 'EG987KJ', 'Rouge') 
[2019-02-10 13:31:00] INSERT INTO voiture (`marque`, `modele`, `annee_mise_location`, `plaque_immat`, `couleur`) VALUES ('Fiat', 'Tipo', '1992-08-02', 'EG798KJ', 'Rouge') 
[2019-02-10 13:30:15] INSERT INTO voiture (`marque`, `modele`, `annee_mise_location`, `plaque_immat`, `couleur`) VALUES ('Fiat', 'Tipo', '1992-08-02 00:00:00', 'EG798KJ', 'Rouge') 
[2019-02-10 12:36:38] SELECT * FROM voiture
[2019-02-10 11:26:20] INSERT INTO conducteur (`nom`, `prenom`, `age`, `codepostal`, `ville`, `pays`) VALUES ('CHAPEAU', 'Catherine', '62', '71000', 'SANCE', 'France') 
[2019-02-10 11:08:28] SELECT * FROM voiture
[2019-02-10 11:08:26] SELECT * FROM voiture
[2019-02-10 11:08:25] SELECT * FROM voiture
[2019-02-10 11:07:22] SELECT * FROM voiture
[2019-02-10 11:07:20] SELECT * FROM voiture
[2019-02-10 11:06:32] SELECT * FROM voiture
[2019-02-10 11:04:42] SELECT * FROM voiture
[2019-02-10 11:04:25] SELECT * FROM voiture
[2019-02-10 10:46:11] SELECT * FROM conducteur
[2019-02-10 10:42:25] SELECT * FROM conducteur
[2019-02-10 10:38:59] SELECT * FROM conducteur
[2019-02-10 10:29:41] SELECT * FROM conducteur
[2019-02-10 10:20:41] SELECT * FROM conducteur
[2019-02-10 10:17:44] SELECT * FROM conducteur
[2019-02-10 10:17:21] SELECT * FROM conducteur
[2019-02-10 10:13:13] SELECT * FROM conducteur
[2019-02-10 10:11:16] SELECT * FROM conducteur
[2019-02-10 10:11:12] SELECT * FROM conducteur
[2019-02-09 19:46:43] INSERT INTO conducteur (`nom`, `prenom`, `age`, `codepostal`, `ville`, `pays`) VALUES ('CHAPEAU', 'Caroline', '26', '71000', 'SANCE', 'France') 
[2019-02-09 19:46:16] SELECT * FROM conducteur
[2019-02-09 19:45:27] SELECT * FROM conducteur
[2019-02-09 19:44:20] SELECT * FROM conducteur
[2019-02-09 19:43:22] SELECT * FROM conducteur
[2019-02-09 19:42:52] SELECT * FROM conducteur
[2019-02-09 19:42:23] SELECT * FROM conducteur
[2019-02-09 19:37:51] SELECT * FROM conducteur
